<?xml version="1.0" encoding="UTF-8"?>
<testng-results ignored="0" total="1" passed="1" failed="0" skipped="0">
  <reporter-output>
  </reporter-output>
  <suite started-at="2024-02-27T22:36:58 PKT" name="Default suite" finished-at="2024-02-27T22:37:02 PKT" duration-ms="3962">
    <groups>
    </groups>
    <test started-at="2024-02-27T22:36:58 PKT" name="Default test" finished-at="2024-02-27T22:37:02 PKT" duration-ms="3962">
      <class name="MPOGroup.ID.Demo">
        <test-method signature="Approach2()[pri:0, instance:MPOGroup.ID.Demo@37d4349f]" started-at="2024-02-27T22:36:58 PKT" name="Approach2" finished-at="2024-02-27T22:37:02 PKT" duration-ms="3847" status="PASS">
          <reporter-output>
          </reporter-output>
        </test-method> <!-- Approach2 -->
      </class> <!-- MPOGroup.ID.Demo -->
    </test> <!-- Default test -->
  </suite> <!-- Default suite -->
</testng-results>
