<?xml version="1.0" encoding="UTF-8"?>
<testng-results ignored="0" total="4" passed="4" failed="0" skipped="0">
  <reporter-output>
  </reporter-output>
  <suite started-at="2024-03-02T04:27:38 PKT" name="Default suite" finished-at="2024-03-02T04:27:49 PKT" duration-ms="11260">
    <groups>
    </groups>
    <test started-at="2024-03-02T04:27:38 PKT" name="Default test" finished-at="2024-03-02T04:27:49 PKT" duration-ms="11260">
      <class name="api.test.UserTests">
        <test-method is-config="true" signature="setupData()[pri:0, instance:api.test.UserTests@6d4d66d2]" started-at="2024-03-02T04:27:38 PKT" name="setupData" finished-at="2024-03-02T04:27:39 PKT" duration-ms="340" status="PASS">
          <reporter-output>
          </reporter-output>
        </test-method> <!-- setupData -->
        <test-method signature="testPostUser()[pri:1, instance:api.test.UserTests@6d4d66d2]" started-at="2024-03-02T04:27:39 PKT" name="testPostUser" finished-at="2024-03-02T04:27:43 PKT" duration-ms="4516" status="PASS">
          <reporter-output>
          </reporter-output>
        </test-method> <!-- testPostUser -->
        <test-method signature="testGetUserByName()[pri:2, instance:api.test.UserTests@6d4d66d2]" started-at="2024-03-02T04:27:43 PKT" name="testGetUserByName" finished-at="2024-03-02T04:27:45 PKT" duration-ms="1608" status="PASS">
          <reporter-output>
          </reporter-output>
        </test-method> <!-- testGetUserByName -->
        <test-method signature="testUpdateUserByName()[pri:3, instance:api.test.UserTests@6d4d66d2]" started-at="2024-03-02T04:27:45 PKT" name="testUpdateUserByName" finished-at="2024-03-02T04:27:48 PKT" duration-ms="3152" status="PASS">
          <reporter-output>
          </reporter-output>
        </test-method> <!-- testUpdateUserByName -->
        <test-method signature="testDeleteUserByName()[pri:4, instance:api.test.UserTests@6d4d66d2]" started-at="2024-03-02T04:27:48 PKT" name="testDeleteUserByName" finished-at="2024-03-02T04:27:49 PKT" duration-ms="1544" status="PASS">
          <reporter-output>
          </reporter-output>
        </test-method> <!-- testDeleteUserByName -->
      </class> <!-- api.test.UserTests -->
    </test> <!-- Default test -->
  </suite> <!-- Default suite -->
</testng-results>
